<test-run id="2" testcasecount="3" result="Passed" start-time="2022-11-24 16:41:28.714935" end-time="2022-11-24 16:41:34.874381" duration="6" total="3" passed="3" failed="0" inconclusive="0" skipped="0" asserts="0" clr-version="3.9.14 (main, Oct 29 2022, 22:18:10) &#10;[GCC 11.2.0]" engine-version="3.6.2"><command-line>/home/jose/.local/bin/pytest -v</command-line><filter /><test-suite id="tests/test_train.py" name="tests/test_train.py" fullname="tests/test_train.py" methodname="" classname="" runstate="Runnable" type="Assembly" testcasecount="3" result="Passed" label="" start-time="2022-11-24 16:41:34.856104" end-time="2022-11-24 16:41:34.874051" duration="0.017947" asserts="0" total="3" passed="3" failed="0" warnings="0" inconclusive="0" skipped="0"><properties><property name="python_version" value="3.9.14 (main, Oct 29 2022, 22:18:10) &#10;[GCC 11.2.0]" /></properties><test-case id="100" name="tests/test_train.py::test_csvs_no_files" fullname="tests/test_train.py::test_csvs_no_files" methodname="test_csvs_no_files" classname="tests/test_train.py" runstate="Runnable" seed="1" result="Passed" label="" start-time="2022-11-24 16:41:34.856104" end-time="2022-11-24 16:41:34.857484" duration="0.00138" asserts="0"><properties><property name="python-version" value="3.9.14 (main, Oct 29 2022, 22:18:10) &#10;[GCC 11.2.0]" /><property name="fspath" value="tests/test_train.py" /></properties><environment framework-version="3.6.2" clr-version="3.9.14 (main, Oct 29 2022, 22:18:10) &#10;[GCC 11.2.0]" os-version="5.4.0-1095-azure" platform="Linux" cwd="/home/jose/mslearn-mlops" machine-name="x86_64" user="" user-domain="" culture="en_US" uiculture="en_US" os-architecture="64bit" /><failure><message><![CDATA[]]></message><stack-trace><![CDATA[None]]></stack-trace></failure><reason><message><![CDATA[]]></message></reason><output><![CDATA[]]></output></test-case><test-case id="101" name="tests/test_train.py::test_csvs_no_files_invalid_path" fullname="tests/test_train.py::test_csvs_no_files_invalid_path" methodname="test_csvs_no_files_invalid_path" classname="tests/test_train.py" runstate="Runnable" seed="1" result="Passed" label="" start-time="2022-11-24 16:41:34.858210" end-time="2022-11-24 16:41:34.859486" duration="0.001276" asserts="0"><properties><property name="python-version" value="3.9.14 (main, Oct 29 2022, 22:18:10) &#10;[GCC 11.2.0]" /><property name="fspath" value="tests/test_train.py" /></properties><environment framework-version="3.6.2" clr-version="3.9.14 (main, Oct 29 2022, 22:18:10) &#10;[GCC 11.2.0]" os-version="5.4.0-1095-azure" platform="Linux" cwd="/home/jose/mslearn-mlops" machine-name="x86_64" user="" user-domain="" culture="en_US" uiculture="en_US" os-architecture="64bit" /><failure><message><![CDATA[]]></message><stack-trace><![CDATA[None]]></stack-trace></failure><reason><message><![CDATA[]]></message></reason><output><![CDATA[]]></output></test-case><test-case id="102" name="tests/test_train.py::test_csvs_creates_dataframe" fullname="tests/test_train.py::test_csvs_creates_dataframe" methodname="test_csvs_creates_dataframe" classname="tests/test_train.py" runstate="Runnable" seed="1" result="Passed" label="" start-time="2022-11-24 16:41:34.860279" end-time="2022-11-24 16:41:34.874051" duration="0.013772" asserts="0"><properties><property name="python-version" value="3.9.14 (main, Oct 29 2022, 22:18:10) &#10;[GCC 11.2.0]" /><property name="fspath" value="tests/test_train.py" /></properties><environment framework-version="3.6.2" clr-version="3.9.14 (main, Oct 29 2022, 22:18:10) &#10;[GCC 11.2.0]" os-version="5.4.0-1095-azure" platform="Linux" cwd="/home/jose/mslearn-mlops" machine-name="x86_64" user="" user-domain="" culture="en_US" uiculture="en_US" os-architecture="64bit" /><failure><message><![CDATA[]]></message><stack-trace><![CDATA[None]]></stack-trace></failure><reason><message><![CDATA[]]></message></reason><output><![CDATA[]]></output></test-case><environment framework-version="3.6.2" clr-version="3.9.14 (main, Oct 29 2022, 22:18:10) &#10;[GCC 11.2.0]" os-version="5.4.0-1095-azure" platform="Linux" cwd="/home/jose/mslearn-mlops" machine-name="x86_64" user="" user-domain="" culture="en_US" uiculture="en_US" os-architecture="64bit" /></test-suite></test-run>